cmd-usage:
irc-commands:
environ-values:
webapp-paths:
smtp-headers:
webapp-data:
cgi-servlets:
auth-warnings:
http-headers:
libc-data:
http-methods:
remote-urls:
dns-resolv:
argv-options:
char-encodes:
shell-builtins:
ntfs-paths:
dbase-strings:
file-extens:
software-strs:
html-words:
web-sites:
dns-commands:
unicode-art:
netbsd-paths:
unix-data:
ansi-art:
pass-words:
search-dorks:
biology-info:
cipher-texts:
system-calls:
link-layer:
glibc-code:
local-uris:
wifi-networks:
ascii-art:
opersys-strs:
inet-routes:
net-ifaces:
dns-records:
environ-names:
webapp-dirs:
dns-headers:
http-status:
regex-dicts:
iso-codes:
webapp-files:
unix-paths:
top-passwds:
ftp-commands:
dns-servers:
inet-addrs:
dialup-modems:
dns-hostnames:
linux-paths:
windows-data:
dns-domains:
