ansi-art:
argv-options:
ascii-art:
auth-warnings:
biology-info:
char-encodes:
cipher-texts:
cmd-usage:
dbase-strings:
dialup-modems:
dns-commands:
dns-domains:
dns-headers:
dns-hostnames:
dns-records:
dns-resolv:
dns-servers:
environ-names:
environ-values:
file-extens:
ftp-commands:
glibc-code:
html-words:
http-cgi:
http-headers:
http-methods:
http-paths:
http-queries:
http-status:
inet-addrs:
inet-routes:
ios-data:
irc-commands:
iso-codes:
java-code:
libc-data:
link-layer:
linux-paths:
local-uris:
methbot-iocs:
netbsd-paths:
net-ifaces:
netsh-data:
ntfs-paths:
nvd-data: 
opersys-strs:
passes-dicts:
perl-data:
regex-dicts:
remote-urls:
ruby-data:
search-dorks:
shell-builtins:
smtp-headers:
software-strs:
string-enums:
system-calls:
passes-sites:
unicode-art:
unix-data:
unix-paths:
webapp-data:
webapp-dirs:
webapp-files:
webapp-paths:
web-sites:
wifi-networks:
windows-data:
