azure-domain-names: list of domain names from a reverse lookup on 64.4.6.100
cctld-char-pairs: a list of ccTLD's, i.e. country code top level domains)
domain-prices-top1k: Top one thousand most expensive domain names
edu-domain-names: various educational domain names
gov-domain-names: various governmental domain names
face-book-doms: hostnames for FaceBook's bug bounty program
malware-domains-mirror: taken from `malwaredomains.com`
malware-hosts-list: taken from `malwaredomainlist.com`
ntld-launch-dates: New gTLD launches in chronological order via https://ntldstats.com/launch?start=
special-use-domains: DNS domain names categorized as "Special-Use" by IANA
top-level-names: New gTLD list taken from `ntldstats.com`
tlds-alpha-dom: an alphabetically sorted list of top-level domains from ICANN
ustld-dnssec-records: list of DNSSEC records for domains in the `.us` ccTLD
pgbs0dh-domain-records: a list of DNSSEC resource records in the pgbs0dh TLD
com_br-domain-names: lits of various commercial domain names in the br ccTLD
com-domain-names: list of various commercial domain names in the com TLD 
eu-domain-names: DNSSEC recource records within the eu TLD
gov-domain-names: DNSSEC resource records within the gov TLD
org-domain-names: DNSSEC resource records within the org TLD
uk-domain-names: DNSSEC resource records within the uk ccTLD
mil-domain-names: DNSSEC resource records within the mil TLD
fr-domain-names: DNSSEC resource records within the fr ccTLD
